<?xml version="1.0" encoding="UTF-8"?>
<!-- Generated by org.testng.reporters.JUnitReportReporter -->
<testsuite skipped="0" hostname="Ramsai" name="mrs1Maven.JavaMaven.AppiumTest" tests="2" failures="0" timestamp="2022-01-09T17:37:18 IST" time="0.006" errors="0">
  <testcase name="AndroidApps" time="0.006" classname="mrs1Maven.JavaMaven.AppiumTest"/>
  <system-out/>
  <testcase name="IosApps" time="0.000" classname="mrs1Maven.JavaMaven.AppiumTest"/>
  <system-out/>
</testsuite> <!-- mrs1Maven.JavaMaven.AppiumTest -->
