<?xml version="1.0" encoding="UTF-8"?>
<!-- Generated by org.testng.reporters.JUnitReportReporter -->
<testsuite skipped="0" hostname="Ramsai" name="mrs1Maven.JavaMaven.RestAPITest" tests="2" failures="0" timestamp="2022-01-09T17:37:18 IST" time="0.002" errors="0">
  <testcase name="deleteTwitter" time="0.001" classname="mrs1Maven.JavaMaven.RestAPITest"/>
  <system-out/>
  <testcase name="PostJira" time="0.001" classname="mrs1Maven.JavaMaven.RestAPITest"/>
  <system-out/>
</testsuite> <!-- mrs1Maven.JavaMaven.RestAPITest -->
